/home/postgres
/home/postgres/.profile
/home/postgres/examples.desktop
/home/postgres/.bash_logout
/home/postgres/.bash_history
/home/postgres/.bashrc
/proc/5380
/proc/5380/task
/proc/5380/task/5380
/proc/5380/task/5380/fd
/proc/5380/task/5380/fd/0
/proc/5380/task/5380/fd/1
/proc/5380/task/5380/fd/2
/proc/5380/task/5380/fd/255
/proc/5380/task/5380/fdinfo
/proc/5380/task/5380/fdinfo/0
/proc/5380/task/5380/fdinfo/1
/proc/5380/task/5380/fdinfo/2
/proc/5380/task/5380/fdinfo/255
/proc/5380/task/5380/ns
/proc/5380/task/5380/ns/net
/proc/5380/task/5380/ns/uts
/proc/5380/task/5380/ns/ipc
/proc/5380/task/5380/ns/pid
/proc/5380/task/5380/ns/user
/proc/5380/task/5380/ns/mnt
/proc/5380/task/5380/net
/proc/5380/task/5380/environ
/proc/5380/task/5380/auxv
/proc/5380/task/5380/status
/proc/5380/task/5380/personality
/proc/5380/task/5380/limits
/proc/5380/task/5380/sched
/proc/5380/task/5380/comm
/proc/5380/task/5380/syscall
/proc/5380/task/5380/cmdline
/proc/5380/task/5380/stat
/proc/5380/task/5380/statm
/proc/5380/task/5380/maps
/proc/5380/task/5380/children
/proc/5380/task/5380/numa_maps
/proc/5380/task/5380/mem
/proc/5380/task/5380/cwd
/proc/5380/task/5380/root
/proc/5380/task/5380/exe
/proc/5380/task/5380/mounts
/proc/5380/task/5380/mountinfo
/proc/5380/task/5380/clear_refs
/proc/5380/task/5380/smaps
/proc/5380/task/5380/pagemap
/proc/5380/task/5380/attr
/proc/5380/task/5380/attr/current
/proc/5380/task/5380/attr/prev
/proc/5380/task/5380/attr/exec
/proc/5380/task/5380/attr/fscreate
/proc/5380/task/5380/attr/keycreate
/proc/5380/task/5380/attr/sockcreate
/proc/5380/task/5380/wchan
/proc/5380/task/5380/stack
/proc/5380/task/5380/schedstat
/proc/5380/task/5380/cpuset
/proc/5380/task/5380/cgroup
/proc/5380/task/5380/oom_score
/proc/5380/task/5380/oom_adj
/proc/5380/task/5380/oom_score_adj
/proc/5380/task/5380/loginuid
/proc/5380/task/5380/sessionid
/proc/5380/task/5380/io
/proc/5380/task/5380/uid_map
/proc/5380/task/5380/gid_map
/proc/5380/task/5380/projid_map
/proc/5380/task/5380/setgroups
/proc/5380/fd
/proc/5380/fd/0
/proc/5380/fd/1
/proc/5380/fd/2
/proc/5380/fd/255
/proc/5380/map_files
/proc/5380/map_files/400000-4ef000
/proc/5380/map_files/6ef000-6f0000
/proc/5380/map_files/6f0000-6f9000
/proc/5380/map_files/7f85d1c77000-7f85d1c82000
/proc/5380/map_files/7f85d1c82000-7f85d1e81000
/proc/5380/map_files/7f85d1e81000-7f85d1e82000
/proc/5380/map_files/7f85d1e82000-7f85d1e83000
/proc/5380/map_files/7f85d1e83000-7f85d1e8e000
/proc/5380/map_files/7f85d1e8e000-7f85d208d000
/proc/5380/map_files/7f85d208d000-7f85d208e000
/proc/5380/map_files/7f85d208e000-7f85d208f000
/proc/5380/map_files/7f85d208f000-7f85d20a6000
/proc/5380/map_files/7f85d20a6000-7f85d22a5000
/proc/5380/map_files/7f85d22a5000-7f85d22a6000
/proc/5380/map_files/7f85d22a6000-7f85d22a7000
/proc/5380/map_files/7f85d22a9000-7f85d22b2000
/proc/5380/map_files/7f85d22b2000-7f85d24b1000
/proc/5380/map_files/7f85d24b1000-7f85d24b2000
/proc/5380/map_files/7f85d24b2000-7f85d24b3000
/proc/5380/map_files/7f85d24b3000-7f85d2b95000
/proc/5380/map_files/7f85d2b95000-7f85d2d50000
/proc/5380/map_files/7f85d2d50000-7f85d2f4f000
/proc/5380/map_files/7f85d2f4f000-7f85d2f53000
/proc/5380/map_files/7f85d2f53000-7f85d2f55000
/proc/5380/map_files/7f85d2f5a000-7f85d2f5d000
/proc/5380/map_files/7f85d2f5d000-7f85d315c000
/proc/5380/map_files/7f85d315c000-7f85d315d000
/proc/5380/map_files/7f85d315d000-7f85d315e000
/proc/5380/map_files/7f85d315e000-7f85d3183000
/proc/5380/map_files/7f85d3183000-7f85d3382000
/proc/5380/map_files/7f85d3382000-7f85d3386000
/proc/5380/map_files/7f85d3386000-7f85d3387000
/proc/5380/map_files/7f85d3387000-7f85d33aa000
/proc/5380/map_files/7f85d3565000-7f85d3584000
/proc/5380/map_files/7f85d35a0000-7f85d35a7000
/proc/5380/map_files/7f85d35a9000-7f85d35aa000
/proc/5380/map_files/7f85d35aa000-7f85d35ab000
/proc/5380/fdinfo
/proc/5380/fdinfo/0
/proc/5380/fdinfo/1
/proc/5380/fdinfo/2
/proc/5380/fdinfo/255
/proc/5380/ns
/proc/5380/ns/net
/proc/5380/ns/uts
/proc/5380/ns/ipc
/proc/5380/ns/pid
/proc/5380/ns/user
/proc/5380/ns/mnt
/proc/5380/net
/proc/5380/environ
/proc/5380/auxv
/proc/5380/status
/proc/5380/personality
/proc/5380/limits
/proc/5380/sched
/proc/5380/autogroup
/proc/5380/comm
/proc/5380/syscall
/proc/5380/cmdline
/proc/5380/stat
/proc/5380/statm
/proc/5380/maps
/proc/5380/numa_maps
/proc/5380/mem
/proc/5380/cwd
/proc/5380/root
/proc/5380/exe
/proc/5380/mounts
/proc/5380/mountinfo
/proc/5380/mountstats
/proc/5380/clear_refs
/proc/5380/smaps
/proc/5380/pagemap
/proc/5380/attr
/proc/5380/attr/current
/proc/5380/attr/prev
/proc/5380/attr/exec
/proc/5380/attr/fscreate
/proc/5380/attr/keycreate
/proc/5380/attr/sockcreate
/proc/5380/wchan
/proc/5380/stack
/proc/5380/schedstat
/proc/5380/cpuset
/proc/5380/cgroup
/proc/5380/oom_score
/proc/5380/oom_adj
/proc/5380/oom_score_adj
/proc/5380/loginuid
/proc/5380/sessionid
/proc/5380/coredump_filter
/proc/5380/io
/proc/5380/uid_map
/proc/5380/gid_map
/proc/5380/projid_map
/proc/5380/setgroups
/proc/5380/timers
